<?xml version="1.0" encoding="UTF-8"?>
<!-- Generated by org.testng.reporters.JUnitReportReporter -->
<testsuite skipped="0" hostname="ubuntu" name="TestNGTestCase.AddBook" tests="1" failures="0" timestamp="2020-11-08T08:39:04 PST" time="5.202" errors="0">
  <testcase name="Verifyaddbook" time="5.202" classname="TestNGTestCase.AddBook"/>
  <system-out/>
</testsuite> <!-- TestNGTestCase.AddBook -->
