<?xml version="1.0" encoding="UTF-8"?>
<!-- Generated by org.testng.reporters.JUnitReportReporter -->
<testsuite skipped="0" hostname="ubuntu" name="TestNGTestCase.AddBook" tests="1" failures="0" timestamp="2020-11-07T13:48:44 PST" time="24.419" errors="0">
  <testcase name="Verifyaddbook" time="24.419" classname="TestNGTestCase.AddBook"/>
  <system-out/>
</testsuite> <!-- TestNGTestCase.AddBook -->
